[2020-06-10 00:40:55.174] [exthost] [info] extension host started
[2020-06-10 00:40:55.224] [exthost] [info] ExtensionService#_doActivateExtension vscode.typescript-language-features {"startup":false,"extensionId":{"value":"vscode.typescript-language-features","_lower":"vscode.typescript-language-features"},"activationEvent":"onLanguage:javascriptreact"}
[2020-06-10 00:40:55.224] [exthost] [info] ExtensionService#loadCommonJSModule file:///usr/share/code/resources/app/extensions/typescript-language-features/dist/extension
[2020-06-10 00:40:55.280] [exthost] [info] ExtensionService#_doActivateExtension vscode.debug-auto-launch {"startup":true,"extensionId":{"value":"vscode.debug-auto-launch","_lower":"vscode.debug-auto-launch"},"activationEvent":"*"}
[2020-06-10 00:40:55.280] [exthost] [info] ExtensionService#loadCommonJSModule file:///usr/share/code/resources/app/extensions/debug-auto-launch/dist/extension
[2020-06-10 00:40:55.283] [exthost] [info] ExtensionService#_doActivateExtension vscode.emmet {"startup":true,"extensionId":{"value":"vscode.emmet","_lower":"vscode.emmet"},"activationEvent":"*"}
[2020-06-10 00:40:55.284] [exthost] [info] ExtensionService#loadCommonJSModule file:///usr/share/code/resources/app/extensions/emmet/dist/extension
[2020-06-10 00:40:55.299] [exthost] [info] ExtensionService#_doActivateExtension vscode.git {"startup":true,"extensionId":{"value":"vscode.git","_lower":"vscode.git"},"activationEvent":"*"}
[2020-06-10 00:40:55.299] [exthost] [info] ExtensionService#loadCommonJSModule file:///usr/share/code/resources/app/extensions/git/dist/main
[2020-06-10 00:40:55.318] [exthost] [info] ExtensionService#_doActivateExtension vscode.github-authentication {"startup":true,"extensionId":{"value":"vscode.github-authentication","_lower":"vscode.github-authentication"},"activationEvent":"*"}
[2020-06-10 00:40:55.319] [exthost] [info] ExtensionService#loadCommonJSModule file:///usr/share/code/resources/app/extensions/github-authentication/dist/extension.js
[2020-06-10 00:40:55.325] [exthost] [info] ExtensionService#_doActivateExtension vscode.merge-conflict {"startup":true,"extensionId":{"value":"vscode.merge-conflict","_lower":"vscode.merge-conflict"},"activationEvent":"*"}
[2020-06-10 00:40:55.325] [exthost] [info] ExtensionService#loadCommonJSModule file:///usr/share/code/resources/app/extensions/merge-conflict/dist/extension
[2020-06-10 00:40:55.327] [exthost] [info] ExtensionService#_doActivateExtension vscode.search-result {"startup":true,"extensionId":{"value":"vscode.search-result","_lower":"vscode.search-result"},"activationEvent":"*"}
[2020-06-10 00:40:55.327] [exthost] [info] ExtensionService#loadCommonJSModule file:///usr/share/code/resources/app/extensions/search-result/dist/extension.js
[2020-06-10 00:40:55.329] [exthost] [info] ExtensionService#_doActivateExtension vscode.vscode-account {"startup":true,"extensionId":{"value":"vscode.vscode-account","_lower":"vscode.vscode-account"},"activationEvent":"*"}
[2020-06-10 00:40:55.329] [exthost] [info] ExtensionService#loadCommonJSModule file:///usr/share/code/resources/app/extensions/vscode-account/dist/extension.js
[2020-06-10 00:40:55.339] [exthost] [info] ExtensionService#_doActivateExtension vscode.npm {"startup":true,"extensionId":{"value":"vscode.npm","_lower":"vscode.npm"},"activationEvent":"workspaceContains:package.json"}
[2020-06-10 00:40:55.339] [exthost] [info] ExtensionService#loadCommonJSModule file:///usr/share/code/resources/app/extensions/npm/dist/main
[2020-06-10 00:40:55.947] [exthost] [info] eager extensions activated
[2020-06-10 00:42:07.804] [exthost] [info] [vscode.typescript-language-features] UNSAVE result from 'resolveCompletionItem', extension SHOULD NOT change any of: additionalTextEdits, or command
[2020-06-10 00:44:21.259] [exthost] [info] ExtensionService#_doActivateExtension vscode.extension-editing {"startup":false,"extensionId":{"value":"vscode.extension-editing","_lower":"vscode.extension-editing"},"activationEvent":"onLanguage:typescript"}
[2020-06-10 00:44:21.260] [exthost] [info] ExtensionService#loadCommonJSModule file:///usr/share/code/resources/app/extensions/extension-editing/dist/extension
[2020-06-10 00:50:51.402] [exthost] [error] [vscode.typescript-language-features] provider FAILED
[2020-06-10 00:50:51.408] [exthost] [error] Error: <semantic> TypeScript Server Error (4.0.0-dev.20200608)
Debug Failure. Did not expect JsxClosingFragment to have an Identifier in its trivia
Error: Debug Failure. Did not expect JsxClosingFragment to have an Identifier in its trivia
    at addSyntheticNodes (/home/oumkale/.vscode/extensions/ms-vscode.vscode-typescript-next-4.0.20200608/node_modules/typescript/lib/tsserver.js:139336:30)
    at createChildren (/home/oumkale/.vscode/extensions/ms-vscode.vscode-typescript-next-4.0.20200608/node_modules/typescript/lib/tsserver.js:139325:9)
    at NodeObject.getChildren (/home/oumkale/.vscode/extensions/ms-vscode.vscode-typescript-next-4.0.20200608/node_modules/typescript/lib/tsserver.js:139269:56)
    at getTokenAtPositionWorker (/home/oumkale/.vscode/extensions/ms-vscode.vscode-typescript-next-4.0.20200608/node_modules/typescript/lib/tsserver.js:109403:43)
    at Object.getTokenAtPosition (/home/oumkale/.vscode/extensions/ms-vscode.vscode-typescript-next-4.0.20200608/node_modules/typescript/lib/tsserver.js:109395:16)
    at getInfo (/home/oumkale/.vscode/extensions/ms-vscode.vscode-typescript-next-4.0.20200608/node_modules/typescript/lib/tsserver.js:135307:28)
    at Object.getAvailableActions (/home/oumkale/.vscode/extensions/ms-vscode.vscode-typescript-next-4.0.20200608/node_modules/typescript/lib/tsserver.js:135290:28)
    at /home/oumkale/.vscode/extensions/ms-vscode.vscode-typescript-next-4.0.20200608/node_modules/typescript/lib/tsserver.js:128177:128
    at getIterator (/home/oumkale/.vscode/extensions/ms-vscode.vscode-typescript-next-4.0.20200608/node_modules/typescript/lib/tsserver.js:536:23)
    at Object.flatMapIterator (/home/oumkale/.vscode/extensions/ms-vscode.vscode-typescript-next-4.0.20200608/node_modules/typescript/lib/tsserver.js:519:27)
    at Object.getApplicableRefactors (/home/oumkale/.vscode/extensions/ms-vscode.vscode-typescript-next-4.0.20200608/node_modules/typescript/lib/tsserver.js:128176:36)
    at Object.getApplicableRefactors (/home/oumkale/.vscode/extensions/ms-vscode.vscode-typescript-next-4.0.20200608/node_modules/typescript/lib/tsserver.js:140948:32)
    at IOSession.Session.getApplicableRefactors (/home/oumkale/.vscode/extensions/ms-vscode.vscode-typescript-next-4.0.20200608/node_modules/typescript/lib/tsserver.js:150761:53)
    at Session.handlers.ts.createMapFromTemplate._a.<computed> (/home/oumkale/.vscode/extensions/ms-vscode.vscode-typescript-next-4.0.20200608/node_modules/typescript/lib/tsserver.js:149566:61)
    at /home/oumkale/.vscode/extensions/ms-vscode.vscode-typescript-next-4.0.20200608/node_modules/typescript/lib/tsserver.js:151061:88
    at IOSession.Session.executeWithRequestId (/home/oumkale/.vscode/extensions/ms-vscode.vscode-typescript-next-4.0.20200608/node_modules/typescript/lib/tsserver.js:151052:28)
    at IOSession.Session.executeCommand (/home/oumkale/.vscode/extensions/ms-vscode.vscode-typescript-next-4.0.20200608/node_modules/typescript/lib/tsserver.js:151061:33)
    at IOSession.Session.onMessage (/home/oumkale/.vscode/extensions/ms-vscode.vscode-typescript-next-4.0.20200608/node_modules/typescript/lib/tsserver.js:151085:35)
    at Interface.<anonymous> (/home/oumkale/.vscode/extensions/ms-vscode.vscode-typescript-next-4.0.20200608/node_modules/typescript/lib/tsserver.js:152401:27)
    at Interface.emit (events.js:203:13)
    at Interface._onLine (readline.js:316:10)
    at Interface._normalWrite (readline.js:461:12)
    at Socket.ondata (readline.js:172:10)
    at Socket.emit (events.js:203:13)
    at addChunk (_stream_readable.js:295:12)
    at readableAddChunk (_stream_readable.js:276:11)
    at Socket.Readable.push (_stream_readable.js:210:10)
    at Pipe.onStreamRead (internal/stream_base_commons.js:166:17)
	at Function.create (/usr/share/code/resources/app/extensions/typescript-language-features/dist/extension.js:1:52449)
	at e.dispatchResponse (/usr/share/code/resources/app/extensions/typescript-language-features/dist/extension.js:1:222369)
	at e.dispatchMessage (/usr/share/code/resources/app/extensions/typescript-language-features/dist/extension.js:1:221287)
	at /usr/share/code/resources/app/extensions/typescript-language-features/dist/extension.js:1:220763
	at e.fire (/usr/share/code/resources/app/out/vs/workbench/services/extensions/node/extensionHostProcess.js:46:67)
	at t.Reader.onLengthData (/usr/share/code/resources/app/extensions/typescript-language-features/dist/extension.js:1:229425)
	at Socket.<anonymous> (/usr/share/code/resources/app/extensions/typescript-language-features/dist/extension.js:1:229073)
	at Socket.emit (events.js:203:13)
	at addChunk (_stream_readable.js:295:12)
	at readableAddChunk (_stream_readable.js:276:11)
	at Socket.Readable.push (_stream_readable.js:210:10)
	at Pipe.onStreamRead (internal/stream_base_commons.js:166:17)
