[2020-06-10 00:50:51.410] [renderer1] [error] <semantic> TypeScript Server Error (4.0.0-dev.20200608)
Debug Failure. Did not expect JsxClosingFragment to have an Identifier in its trivia
Error: Debug Failure. Did not expect JsxClosingFragment to have an Identifier in its trivia
    at addSyntheticNodes (/home/oumkale/.vscode/extensions/ms-vscode.vscode-typescript-next-4.0.20200608/node_modules/typescript/lib/tsserver.js:139336:30)
    at createChildren (/home/oumkale/.vscode/extensions/ms-vscode.vscode-typescript-next-4.0.20200608/node_modules/typescript/lib/tsserver.js:139325:9)
    at NodeObject.getChildren (/home/oumkale/.vscode/extensions/ms-vscode.vscode-typescript-next-4.0.20200608/node_modules/typescript/lib/tsserver.js:139269:56)
    at getTokenAtPositionWorker (/home/oumkale/.vscode/extensions/ms-vscode.vscode-typescript-next-4.0.20200608/node_modules/typescript/lib/tsserver.js:109403:43)
    at Object.getTokenAtPosition (/home/oumkale/.vscode/extensions/ms-vscode.vscode-typescript-next-4.0.20200608/node_modules/typescript/lib/tsserver.js:109395:16)
    at getInfo (/home/oumkale/.vscode/extensions/ms-vscode.vscode-typescript-next-4.0.20200608/node_modules/typescript/lib/tsserver.js:135307:28)
    at Object.getAvailableActions (/home/oumkale/.vscode/extensions/ms-vscode.vscode-typescript-next-4.0.20200608/node_modules/typescript/lib/tsserver.js:135290:28)
    at /home/oumkale/.vscode/extensions/ms-vscode.vscode-typescript-next-4.0.20200608/node_modules/typescript/lib/tsserver.js:128177:128
    at getIterator (/home/oumkale/.vscode/extensions/ms-vscode.vscode-typescript-next-4.0.20200608/node_modules/typescript/lib/tsserver.js:536:23)
    at Object.flatMapIterator (/home/oumkale/.vscode/extensions/ms-vscode.vscode-typescript-next-4.0.20200608/node_modules/typescript/lib/tsserver.js:519:27)
    at Object.getApplicableRefactors (/home/oumkale/.vscode/extensions/ms-vscode.vscode-typescript-next-4.0.20200608/node_modules/typescript/lib/tsserver.js:128176:36)
    at Object.getApplicableRefactors (/home/oumkale/.vscode/extensions/ms-vscode.vscode-typescript-next-4.0.20200608/node_modules/typescript/lib/tsserver.js:140948:32)
    at IOSession.Session.getApplicableRefactors (/home/oumkale/.vscode/extensions/ms-vscode.vscode-typescript-next-4.0.20200608/node_modules/typescript/lib/tsserver.js:150761:53)
    at Session.handlers.ts.createMapFromTemplate._a.<computed> (/home/oumkale/.vscode/extensions/ms-vscode.vscode-typescript-next-4.0.20200608/node_modules/typescript/lib/tsserver.js:149566:61)
    at /home/oumkale/.vscode/extensions/ms-vscode.vscode-typescript-next-4.0.20200608/node_modules/typescript/lib/tsserver.js:151061:88
    at IOSession.Session.executeWithRequestId (/home/oumkale/.vscode/extensions/ms-vscode.vscode-typescript-next-4.0.20200608/node_modules/typescript/lib/tsserver.js:151052:28)
    at IOSession.Session.executeCommand (/home/oumkale/.vscode/extensions/ms-vscode.vscode-typescript-next-4.0.20200608/node_modules/typescript/lib/tsserver.js:151061:33)
    at IOSession.Session.onMessage (/home/oumkale/.vscode/extensions/ms-vscode.vscode-typescript-next-4.0.20200608/node_modules/typescript/lib/tsserver.js:151085:35)
    at Interface.<anonymous> (/home/oumkale/.vscode/extensions/ms-vscode.vscode-typescript-next-4.0.20200608/node_modules/typescript/lib/tsserver.js:152401:27)
    at Interface.emit (events.js:203:13)
    at Interface._onLine (readline.js:316:10)
    at Interface._normalWrite (readline.js:461:12)
    at Socket.ondata (readline.js:172:10)
    at Socket.emit (events.js:203:13)
    at addChunk (_stream_readable.js:295:12)
    at readableAddChunk (_stream_readable.js:276:11)
    at Socket.Readable.push (_stream_readable.js:210:10)
    at Pipe.onStreamRead (internal/stream_base_commons.js:166:17): Error: <semantic> TypeScript Server Error (4.0.0-dev.20200608)
Debug Failure. Did not expect JsxClosingFragment to have an Identifier in its trivia
Error: Debug Failure. Did not expect JsxClosingFragment to have an Identifier in its trivia
    at addSyntheticNodes (/home/oumkale/.vscode/extensions/ms-vscode.vscode-typescript-next-4.0.20200608/node_modules/typescript/lib/tsserver.js:139336:30)
    at createChildren (/home/oumkale/.vscode/extensions/ms-vscode.vscode-typescript-next-4.0.20200608/node_modules/typescript/lib/tsserver.js:139325:9)
    at NodeObject.getChildren (/home/oumkale/.vscode/extensions/ms-vscode.vscode-typescript-next-4.0.20200608/node_modules/typescript/lib/tsserver.js:139269:56)
    at getTokenAtPositionWorker (/home/oumkale/.vscode/extensions/ms-vscode.vscode-typescript-next-4.0.20200608/node_modules/typescript/lib/tsserver.js:109403:43)
    at Object.getTokenAtPosition (/home/oumkale/.vscode/extensions/ms-vscode.vscode-typescript-next-4.0.20200608/node_modules/typescript/lib/tsserver.js:109395:16)
    at getInfo (/home/oumkale/.vscode/extensions/ms-vscode.vscode-typescript-next-4.0.20200608/node_modules/typescript/lib/tsserver.js:135307:28)
    at Object.getAvailableActions (/home/oumkale/.vscode/extensions/ms-vscode.vscode-typescript-next-4.0.20200608/node_modules/typescript/lib/tsserver.js:135290:28)
    at /home/oumkale/.vscode/extensions/ms-vscode.vscode-typescript-next-4.0.20200608/node_modules/typescript/lib/tsserver.js:128177:128
    at getIterator (/home/oumkale/.vscode/extensions/ms-vscode.vscode-typescript-next-4.0.20200608/node_modules/typescript/lib/tsserver.js:536:23)
    at Object.flatMapIterator (/home/oumkale/.vscode/extensions/ms-vscode.vscode-typescript-next-4.0.20200608/node_modules/typescript/lib/tsserver.js:519:27)
    at Object.getApplicableRefactors (/home/oumkale/.vscode/extensions/ms-vscode.vscode-typescript-next-4.0.20200608/node_modules/typescript/lib/tsserver.js:128176:36)
    at Object.getApplicableRefactors (/home/oumkale/.vscode/extensions/ms-vscode.vscode-typescript-next-4.0.20200608/node_modules/typescript/lib/tsserver.js:140948:32)
    at IOSession.Session.getApplicableRefactors (/home/oumkale/.vscode/extensions/ms-vscode.vscode-typescript-next-4.0.20200608/node_modules/typescript/lib/tsserver.js:150761:53)
    at Session.handlers.ts.createMapFromTemplate._a.<computed> (/home/oumkale/.vscode/extensions/ms-vscode.vscode-typescript-next-4.0.20200608/node_modules/typescript/lib/tsserver.js:149566:61)
    at /home/oumkale/.vscode/extensions/ms-vscode.vscode-typescript-next-4.0.20200608/node_modules/typescript/lib/tsserver.js:151061:88
    at IOSession.Session.executeWithRequestId (/home/oumkale/.vscode/extensions/ms-vscode.vscode-typescript-next-4.0.20200608/node_modules/typescript/lib/tsserver.js:151052:28)
    at IOSession.Session.executeCommand (/home/oumkale/.vscode/extensions/ms-vscode.vscode-typescript-next-4.0.20200608/node_modules/typescript/lib/tsserver.js:151061:33)
    at IOSession.Session.onMessage (/home/oumkale/.vscode/extensions/ms-vscode.vscode-typescript-next-4.0.20200608/node_modules/typescript/lib/tsserver.js:151085:35)
    at Interface.<anonymous> (/home/oumkale/.vscode/extensions/ms-vscode.vscode-typescript-next-4.0.20200608/node_modules/typescript/lib/tsserver.js:152401:27)
    at Interface.emit (events.js:203:13)
    at Interface._onLine (readline.js:316:10)
    at Interface._normalWrite (readline.js:461:12)
    at Socket.ondata (readline.js:172:10)
    at Socket.emit (events.js:203:13)
    at addChunk (_stream_readable.js:295:12)
    at readableAddChunk (_stream_readable.js:276:11)
    at Socket.Readable.push (_stream_readable.js:210:10)
    at Pipe.onStreamRead (internal/stream_base_commons.js:166:17)
	at Function.create (/usr/share/code/resources/app/extensions/typescript-language-features/dist/extension.js:1:52449)
	at e.dispatchResponse (/usr/share/code/resources/app/extensions/typescript-language-features/dist/extension.js:1:222369)
	at e.dispatchMessage (/usr/share/code/resources/app/extensions/typescript-language-features/dist/extension.js:1:221287)
	at /usr/share/code/resources/app/extensions/typescript-language-features/dist/extension.js:1:220763
	at e.fire (/usr/share/code/resources/app/out/vs/workbench/services/extensions/node/extensionHostProcess.js:46:67)
	at t.Reader.onLengthData (/usr/share/code/resources/app/extensions/typescript-language-features/dist/extension.js:1:229425)
	at Socket.<anonymous> (/usr/share/code/resources/app/extensions/typescript-language-features/dist/extension.js:1:229073)
	at Socket.emit (events.js:203:13)
	at addChunk (_stream_readable.js:295:12)
	at readableAddChunk (_stream_readable.js:276:11)
	at Socket.Readable.push (_stream_readable.js:210:10)
	at Pipe.onStreamRead (internal/stream_base_commons.js:166:17)
